<?xml version="1.0" encoding="UTF-8"?>
<!-- Generated by org.testng.reporters.JUnitReportReporter -->
<testsuite skipped="0" hostname="DESKTOP-5RKLOGI" name="api.tests.OrderTests" tests="1" failures="0" timestamp="2023-07-17T14:56:29 CEST" time="7.842" errors="0">
  <testcase name="testOrder" time="7.842" classname="api.tests.OrderTests"/>
  <system-out/>
</testsuite> <!-- api.tests.OrderTests -->
