<?xml version="1.0" encoding="UTF-8"?>
<!-- Generated by org.testng.reporters.JUnitReportReporter -->
<testsuite skipped="0" hostname="DESKTOP-5RKLOGI" name="api.tests.PetTests" tests="1" failures="0" timestamp="2023-07-17T14:56:29 CEST" time="12.479" errors="0">
  <testcase name="testPet" time="12.479" classname="api.tests.PetTests"/>
  <system-out/>
</testsuite> <!-- api.tests.PetTests -->
