<?xml version="1.0" encoding="UTF-8"?>
<!-- Generated by org.testng.reporters.JUnitReportReporter -->
<testsuite skipped="0" hostname="DESKTOP-5RKLOGI" name="api.tests.OrderTests" tests="1" failures="0" timestamp="2023-07-17T09:16:49 CEST" time="7.104" errors="0">
  <testcase name="testOrder" time="7.104" classname="api.tests.OrderTests"/>
  <system-out/>
</testsuite> <!-- api.tests.OrderTests -->
